npm warn Unknown env config "npm-globalconfig". This will stop working in the next major version of npm.
npm warn Unknown env config "verify-deps-before-run". This will stop working in the next major version of npm.
npm warn Unknown env config "_jsr-registry". This will stop working in the next major version of npm.

> backend@1.0.0 start
> node dist/src/server.js

[dotenv@17.3.1] injecting env (11) from .env -- tip: ⚙️  enable debug logging with { debug: true }
[server] Running on http://0.0.0.0:3000
[server] Environment: development
[server] Health check: http://0.0.0.0:3000/health
[Error] Error: Route not found
    at notFoundHandler (/Users/contfactory/black-falcon/backend/dist/src/middleware/errorHandler.js:18:19)
    at Layer.handleRequest (/Users/contfactory/black-falcon/backend/node_modules/router/lib/layer.js:152:17)
    at trimPrefix (/Users/contfactory/black-falcon/backend/node_modules/router/index.js:342:13)
    at /Users/contfactory/black-falcon/backend/node_modules/router/index.js:297:9
    at processParams (/Users/contfactory/black-falcon/backend/node_modules/router/index.js:582:12)
    at next (/Users/contfactory/black-falcon/backend/node_modules/router/index.js:291:5)
    at read (/Users/contfactory/black-falcon/backend/node_modules/body-parser/lib/read.js:53:5)
    at urlencodedParser (/Users/contfactory/black-falcon/backend/node_modules/body-parser/lib/types/urlencoded.js:57:5)
    at Layer.handleRequest (/Users/contfactory/black-falcon/backend/node_modules/router/lib/layer.js:152:17)
    at trimPrefix (/Users/contfactory/black-falcon/backend/node_modules/router/index.js:342:13)
    at /Users/contfactory/black-falcon/backend/node_modules/router/index.js:297:9
    at processParams (/Users/contfactory/black-falcon/backend/node_modules/router/index.js:582:12)
    at next (/Users/contfactory/black-falcon/backend/node_modules/router/index.js:291:5)
    at read (/Users/contfactory/black-falcon/backend/node_modules/body-parser/lib/read.js:53:5)
    at jsonParser (/Users/contfactory/black-falcon/backend/node_modules/body-parser/lib/types/json.js:88:5)
    at Layer.handleRequest (/Users/contfactory/black-falcon/backend/node_modules/router/lib/layer.js:152:17) {
  statusCode: 404,
  isOperational: true
}
[Error] Error: Authentication required
    at authenticate (/Users/contfactory/black-falcon/backend/dist/src/middleware/auth.js:9:21)
    at Layer.handleRequest (/Users/contfactory/black-falcon/backend/node_modules/router/lib/layer.js:152:17)
    at trimPrefix (/Users/contfactory/black-falcon/backend/node_modules/router/index.js:342:13)
    at /Users/contfactory/black-falcon/backend/node_modules/router/index.js:297:9
    at processParams (/Users/contfactory/black-falcon/backend/node_modules/router/index.js:582:12)
    at next (/Users/contfactory/black-falcon/backend/node_modules/router/index.js:291:5)
    at router.handle (/Users/contfactory/black-falcon/backend/node_modules/router/index.js:186:3)
    at router (/Users/contfactory/black-falcon/backend/node_modules/router/index.js:60:12)
    at Layer.handleRequest (/Users/contfactory/black-falcon/backend/node_modules/router/lib/layer.js:152:17)
    at trimPrefix (/Users/contfactory/black-falcon/backend/node_modules/router/index.js:342:13)
    at /Users/contfactory/black-falcon/backend/node_modules/router/index.js:297:9
    at processParams (/Users/contfactory/black-falcon/backend/node_modules/router/index.js:582:12)
    at next (/Users/contfactory/black-falcon/backend/node_modules/router/index.js:291:5)
    at read (/Users/contfactory/black-falcon/backend/node_modules/body-parser/lib/read.js:53:5)
    at urlencodedParser (/Users/contfactory/black-falcon/backend/node_modules/body-parser/lib/types/urlencoded.js:57:5)
    at Layer.handleRequest (/Users/contfactory/black-falcon/backend/node_modules/router/lib/layer.js:152:17) {
  statusCode: 401,
  isOperational: true
}
[Error] Error: Authentication required
    at authenticate (/Users/contfactory/black-falcon/backend/dist/src/middleware/auth.js:9:21)
    at Layer.handleRequest (/Users/contfactory/black-falcon/backend/node_modules/router/lib/layer.js:152:17)
    at trimPrefix (/Users/contfactory/black-falcon/backend/node_modules/router/index.js:342:13)
    at /Users/contfactory/black-falcon/backend/node_modules/router/index.js:297:9
    at processParams (/Users/contfactory/black-falcon/backend/node_modules/router/index.js:582:12)
    at next (/Users/contfactory/black-falcon/backend/node_modules/router/index.js:291:5)
    at router.handle (/Users/contfactory/black-falcon/backend/node_modules/router/index.js:186:3)
    at router (/Users/contfactory/black-falcon/backend/node_modules/router/index.js:60:12)
    at Layer.handleRequest (/Users/contfactory/black-falcon/backend/node_modules/router/lib/layer.js:152:17)
    at trimPrefix (/Users/contfactory/black-falcon/backend/node_modules/router/index.js:342:13)
    at /Users/contfactory/black-falcon/backend/node_modules/router/index.js:297:9
    at processParams (/Users/contfactory/black-falcon/backend/node_modules/router/index.js:582:12)
    at next (/Users/contfactory/black-falcon/backend/node_modules/router/index.js:291:5)
    at read (/Users/contfactory/black-falcon/backend/node_modules/body-parser/lib/read.js:53:5)
    at urlencodedParser (/Users/contfactory/black-falcon/backend/node_modules/body-parser/lib/types/urlencoded.js:57:5)
    at Layer.handleRequest (/Users/contfactory/black-falcon/backend/node_modules/router/lib/layer.js:152:17) {
  statusCode: 401,
  isOperational: true
}
query: SELECT version()
query: SELECT * FROM current_schema()
query: CREATE EXTENSION IF NOT EXISTS "uuid-ossp"
query: SELECT "User"."id" AS "User_id", "User"."email" AS "User_email", "User"."password_hash" AS "User_password_hash", "User"."name" AS "User_name", "User"."role" AS "User_role", "User"."is_active" AS "User_is_active", "User"."metadata" AS "User_metadata", "User"."version" AS "User_version", "User"."deleted_at" AS "User_deleted_at", "User"."created_at" AS "User_created_at", "User"."updated_at" AS "User_updated_at" FROM "users" "User" WHERE (("User"."email" = $1) AND ("User"."deleted_at" IS NULL)) LIMIT 1 -- PARAMETERS: ["admin@test.com"]
query: START TRANSACTION
query: INSERT INTO "items"("id", "name", "description", "status", "quantity", "unit", "ownerId", "groupId", "donorId", "balance_status", "document_number", "document_date", "supplier_name", "isDeleted", "version", "metadata", "createdAt", "updatedAt") VALUES (DEFAULT, $1, $2, $3, $4, $5, $6, $7, $8, $9, $10, $11, $12, $13, DEFAULT, $14, DEFAULT, DEFAULT) RETURNING "id", "quantity", "balance_status", "isDeleted", "version", "createdAt", "updatedAt" -- PARAMETERS: ["QA Test OFF_BALANCE Item",null,"volunteer",5,"pcs","4cf9e84f-3c12-41da-8a82-075f7a98426b",null,null,"off_balance",null,null,null,false,null]
query failed: INSERT INTO "items"("id", "name", "description", "status", "quantity", "unit", "ownerId", "groupId", "donorId", "balance_status", "document_number", "document_date", "supplier_name", "isDeleted", "version", "metadata", "createdAt", "updatedAt") VALUES (DEFAULT, $1, $2, $3, $4, $5, $6, $7, $8, $9, $10, $11, $12, $13, DEFAULT, $14, DEFAULT, DEFAULT) RETURNING "id", "quantity", "balance_status", "isDeleted", "version", "createdAt", "updatedAt" -- PARAMETERS: ["QA Test OFF_BALANCE Item",null,"volunteer",5,"pcs","4cf9e84f-3c12-41da-8a82-075f7a98426b",null,null,"off_balance",null,null,null,false,null]
error: error: column "ownerId" of relation "items" does not exist
query: ROLLBACK
[Error] QueryFailedError: column "ownerId" of relation "items" does not exist
    at PostgresQueryRunner.query (/Users/contfactory/black-falcon/backend/node_modules/typeorm/driver/postgres/PostgresQueryRunner.js:216:19)
    at process.processTicksAndRejections (node:internal/process/task_queues:104:5)
    at async InsertQueryBuilder.execute (/Users/contfactory/black-falcon/backend/node_modules/typeorm/query-builder/InsertQueryBuilder.js:106:33)
    at async SubjectExecutor.executeInsertOperations (/Users/contfactory/black-falcon/backend/node_modules/typeorm/persistence/SubjectExecutor.js:260:42)
    at async SubjectExecutor.execute (/Users/contfactory/black-falcon/backend/node_modules/typeorm/persistence/SubjectExecutor.js:92:9)
    at async EntityPersistExecutor.execute (/Users/contfactory/black-falcon/backend/node_modules/typeorm/persistence/EntityPersistExecutor.js:140:21)
    at async createItem (/Users/contfactory/black-falcon/backend/dist/src/controllers/itemController.js:30:22) {
  query: 'INSERT INTO "items"("id", "name", "description", "status", "quantity", "unit", "ownerId", "groupId", "donorId", "balance_status", "document_number", "document_date", "supplier_name", "isDeleted", "version", "metadata", "createdAt", "updatedAt") VALUES (DEFAULT, $1, $2, $3, $4, $5, $6, $7, $8, $9, $10, $11, $12, $13, DEFAULT, $14, DEFAULT, DEFAULT) RETURNING "id", "quantity", "balance_status", "isDeleted", "version", "createdAt", "updatedAt"',
  parameters: [
    'QA Test OFF_BALANCE Item',
    null,
    'volunteer',
    5,
    'pcs',
    '4cf9e84f-3c12-41da-8a82-075f7a98426b',
    null,
    null,
    'off_balance',
    null,
    null,
    null,
    false,
    null
  ],
  driverError: error: column "ownerId" of relation "items" does not exist
      at /Users/contfactory/black-falcon/backend/node_modules/pg/lib/client.js:631:17
      at process.processTicksAndRejections (node:internal/process/task_queues:104:5)
      at async PostgresQueryRunner.query (/Users/contfactory/black-falcon/backend/node_modules/typeorm/driver/postgres/PostgresQueryRunner.js:181:25)
      at async InsertQueryBuilder.execute (/Users/contfactory/black-falcon/backend/node_modules/typeorm/query-builder/InsertQueryBuilder.js:106:33)
      at async SubjectExecutor.executeInsertOperations (/Users/contfactory/black-falcon/backend/node_modules/typeorm/persistence/SubjectExecutor.js:260:42)
      at async SubjectExecutor.execute (/Users/contfactory/black-falcon/backend/node_modules/typeorm/persistence/SubjectExecutor.js:92:9)
      at async EntityPersistExecutor.execute (/Users/contfactory/black-falcon/backend/node_modules/typeorm/persistence/EntityPersistExecutor.js:140:21)
      at async createItem (/Users/contfactory/black-falcon/backend/dist/src/controllers/itemController.js:30:22) {
    length: 125,
    severity: 'ERROR',
    code: '42703',
    detail: undefined,
    hint: undefined,
    position: '80',
    internalPosition: undefined,
    internalQuery: undefined,
    where: undefined,
    schema: undefined,
    table: undefined,
    column: undefined,
    dataType: undefined,
    constraint: undefined,
    file: 'parse_target.c',
    line: '1071',
    routine: 'checkInsertTargets'
  },
  length: 125,
  severity: 'ERROR',
  code: '42703',
  detail: undefined,
  hint: undefined,
  position: '80',
  internalPosition: undefined,
  internalQuery: undefined,
  where: undefined,
  schema: undefined,
  table: undefined,
  column: undefined,
  dataType: undefined,
  constraint: undefined,
  file: 'parse_target.c',
  line: '1071',
  routine: 'checkInsertTargets'
}
[server] SIGTERM received, shutting down gracefully
[server] Closed
